<?xml version="1.0" encoding="UTF-8"?>
<!-- Generated by org.testng.reporters.JUnitXMLReporter -->
<testsuite hostname="Arun-PC" ignored="0" name="Test" tests="1" failures="1" timestamp="15 Aug 2018 10:54:37 GMT" time="31.575" errors="0">
  <testcase name="login" time="31.432" classname="testcases.browserlaunch">
    <failure type="java.lang.NullPointerException">
      <![CDATA[java.lang.NullPointerException
at testcases.browserlaunch.login(browserlaunch.java:17)
... Removed 25 stack frames]]>
    </failure>
  </testcase> <!-- login -->
</testsuite> <!-- Test -->
